<?xml version="1.0" encoding="UTF-8"?>
<testng-results skipped="0" failed="0" total="1" passed="1">
  <reporter-output>
  </reporter-output>
  <suite name="Default suite" duration-ms="25534" started-at="2023-11-12T16:45:02Z" finished-at="2023-11-12T16:45:28Z">
    <groups>
    </groups>
    <test name="Default test" duration-ms="25534" started-at="2023-11-12T16:45:02Z" finished-at="2023-11-12T16:45:28Z">
      <class name="testiranje.drugiTest">
        <test-method status="PASS" signature="drugiTest()[pri:0, instance:testiranje.drugiTest@50675690]" name="drugiTest" duration-ms="25515" started-at="2023-11-12T17:45:02Z" finished-at="2023-11-12T17:45:28Z">
          <reporter-output>
          </reporter-output>
        </test-method> <!-- drugiTest -->
      </class> <!-- testiranje.drugiTest -->
    </test> <!-- Default test -->
  </suite> <!-- Default suite -->
</testng-results>
